<?xml version="1.0" encoding="UTF-8"?>
<!-- Generated by org.testng.reporters.JUnitReportReporter -->
<testsuite hostname="RavikumarN" failures="0" tests="5" name="testRunner.NinzaScenarioOutlineRunner" time="10.267" errors="0" timestamp="2026-03-25T10:35:46 IST" skipped="0">
  <testcase classname="testRunner.NinzaScenarioOutlineRunner" name="runScenario" time="1.139"/>
  <testcase classname="testRunner.NinzaScenarioOutlineRunner" name="runScenario" time="5.764"/>
  <testcase classname="testRunner.NinzaScenarioOutlineRunner" name="runScenario" time="1.124"/>
  <testcase classname="testRunner.NinzaScenarioOutlineRunner" name="runScenario" time="1.115"/>
  <testcase classname="testRunner.NinzaScenarioOutlineRunner" name="runScenario" time="1.125"/>
</testsuite> <!-- testRunner.NinzaScenarioOutlineRunner -->
