<?xml version="1.0" encoding="UTF-8"?>
<!-- Generated by org.testng.reporters.JUnitReportReporter -->
<testsuite hostname="RavikumarN" failures="0" tests="4" name="testRunner.TestRunner" time="9.489" errors="0" timestamp="2026-03-24T15:42:02 IST" skipped="0">
  <testcase classname="testRunner.TestRunner" name="runScenario" time="1.143"/>
  <testcase classname="testRunner.TestRunner" name="runScenario" time="1.156"/>
  <testcase classname="testRunner.TestRunner" name="runScenario" time="1.227"/>
  <testcase classname="testRunner.TestRunner" name="runScenario" time="5.963"/>
</testsuite> <!-- testRunner.TestRunner -->
