<?xml version="1.0" encoding="UTF-8"?>
<!-- Generated by org.testng.reporters.JUnitReportReporter -->
<testsuite hostname="RavikumarN" failures="0" tests="5" name="testRunner.fakeRestAPIRunner" time="5.657" errors="0" timestamp="2026-03-24T14:18:24 IST" skipped="0">
  <testcase classname="testRunner.fakeRestAPIRunner" name="runScenario" time="3.531"/>
  <testcase classname="testRunner.fakeRestAPIRunner" name="runScenario" time="0.529"/>
  <testcase classname="testRunner.fakeRestAPIRunner" name="runScenario" time="0.512"/>
  <testcase classname="testRunner.fakeRestAPIRunner" name="runScenario" time="0.516"/>
  <testcase classname="testRunner.fakeRestAPIRunner" name="runScenario" time="0.569"/>
</testsuite> <!-- testRunner.fakeRestAPIRunner -->
