<?xml version="1.0" encoding="UTF-8"?>
<!-- Generated by org.testng.reporters.JUnitReportReporter -->
<testsuite hostname="RavikumarN" failures="0" tests="8" name="testRunner.GitHubCRUDRunner" time="11.371" errors="0" timestamp="2026-03-26T12:54:22 IST" skipped="0">
  <testcase classname="testRunner.GitHubCRUDRunner" name="runScenario" time="1.776"/>
  <testcase classname="testRunner.GitHubCRUDRunner" name="runScenario" time="1.341"/>
  <testcase classname="testRunner.GitHubCRUDRunner" name="runScenario" time="0.502"/>
  <testcase classname="testRunner.GitHubCRUDRunner" name="runScenario" time="1.131"/>
  <testcase classname="testRunner.GitHubCRUDRunner" name="runScenario" time="0.623"/>
  <testcase classname="testRunner.GitHubCRUDRunner" name="runScenario" time="4.871"/>
  <testcase classname="testRunner.GitHubCRUDRunner" name="runScenario" time="0.631"/>
  <testcase classname="testRunner.GitHubCRUDRunner" name="runScenario" time="0.496"/>
</testsuite> <!-- testRunner.GitHubCRUDRunner -->
