<?xml version="1.0" encoding="UTF-8"?>
<!-- Generated by org.testng.reporters.JUnitReportReporter -->
<testsuite hostname="RavikumarN" failures="0" tests="4" name="testRunner.NinzaRunner" time="6.220" errors="0" timestamp="2026-03-25T07:48:41 IST" skipped="0">
  <testcase classname="testRunner.NinzaRunner" name="runScenario" time="0.147"/>
  <testcase classname="testRunner.NinzaRunner" name="runScenario" time="5.854"/>
  <testcase classname="testRunner.NinzaRunner" name="runScenario" time="0.132"/>
  <testcase classname="testRunner.NinzaRunner" name="runScenario" time="0.087"/>
</testsuite> <!-- testRunner.NinzaRunner -->
