<?xml version="1.0" encoding="UTF-8"?>
<!-- Generated by org.testng.reporters.JUnitXMLReporter -->
<testsuite ignored="0" hostname="RavikumarN" failures="0" tests="4" name="Test" time="3.686" errors="0" timestamp="2026-03-17T14:36:26 IST">
  <testcase classname="CRUD_ForNinza.NinzaHardAssert" name="createProject" time="3.354"/>
  <testcase classname="CRUD_ForNinza.NinzaHardAssert" name="getProjectDetails" time="0.101"/>
  <testcase classname="CRUD_ForNinza.NinzaHardAssert" name="putProjectDetails" time="0.11"/>
  <testcase classname="CRUD_ForNinza.NinzaHardAssert" name="deleteProjectDetails" time="0.052"/>
</testsuite> <!-- Test -->
