<?xml version="1.0" encoding="UTF-8"?>
<!-- Generated by org.testng.reporters.JUnitXMLReporter -->
<testsuite ignored="0" hostname="RavikumarN" failures="0" tests="5" name="Default test" time="0.125" errors="0" timestamp="2026-03-18T09:13:58 IST">
  <testcase classname="dataProviderEx.Dp_Ex" name="BookingTest" time="0.016"/>
  <testcase classname="dataProviderEx.Dp_Ex" name="BookingTest" time="0.003"/>
  <testcase classname="dataProviderEx.Dp_Ex" name="BookingTest" time="0.002"/>
  <testcase classname="dataProviderEx.Dp_Ex" name="BookingTest" time="0.003"/>
  <testcase classname="dataProviderEx.Dp_Ex" name="BookingTest" time="0.004"/>
</testsuite> <!-- Default test -->
