<?xml version="1.0" encoding="UTF-8"?>
<!-- Generated by org.testng.reporters.JUnitReportReporter -->
<testsuite hostname="RavikumarN" failures="0" tests="1" name="ParameterCRUD.getParticularProjectByQueryParameter$getParticularProjectByQuery" time="3.577" errors="0" timestamp="2026-03-11T08:26:58 IST" skipped="0">
  <testcase classname="ParameterCRUD.getParticularProjectByQueryParameter$getParticularProjectByQuery" name="getParticularProjectById" time="3.577"/>
  <system-out/>
</testsuite> <!-- ParameterCRUD.getParticularProjectByQueryParameter$getParticularProjectByQuery -->
