<?xml version="1.0" encoding="UTF-8"?>
<!-- Generated by org.testng.reporters.JUnitReportReporter -->
<testsuite hostname="RavikumarN" failures="0" tests="2" name="annotations.AnnotationEx$ClassOne" time="0.011" errors="0" timestamp="2026-03-17T09:44:15 IST" skipped="0">
  <testcase classname="annotations.AnnotationEx$ClassOne" name="method1" time="0.009"/>
  <system-out/>
  <testcase classname="annotations.AnnotationEx$ClassOne" name="method2" time="0.002"/>
  <system-out/>
</testsuite> <!-- annotations.AnnotationEx$ClassOne -->
