<?xml version="1.0" encoding="UTF-8"?>
<!-- Generated by org.testng.reporters.JUnitReportReporter -->
<testsuite hostname="RavikumarN" failures="0" tests="4" name="requestChaining.APIChainingForNinza" time="3.583" errors="0" timestamp="2026-03-13T10:53:03 IST" skipped="0">
  <testcase classname="requestChaining.APIChainingForNinza" name="createProject" time="3.415"/>
  <system-out/>
  <testcase classname="requestChaining.APIChainingForNinza" name="getProjectDetails" time="0.073"/>
  <system-out/>
  <testcase classname="requestChaining.APIChainingForNinza" name="putProjectDetails" time="0.049"/>
  <system-out/>
  <testcase classname="requestChaining.APIChainingForNinza" name="deleteProjectDetails" time="0.046"/>
  <system-out/>
</testsuite> <!-- requestChaining.APIChainingForNinza -->
