<?xml version="1.0" encoding="UTF-8"?>
<!-- Generated by org.testng.reporters.JUnitReportReporter -->
<testsuite hostname="RavikumarN" failures="0" tests="4" name="assignment1.petstore_withHashMap" time="8.020" errors="0" timestamp="2026-03-16T08:42:07 IST" skipped="0">
  <testcase classname="assignment1.petstore_withHashMap" name="createPetTest" time="4.473"/>
  <system-out/>
  <testcase classname="assignment1.petstore_withHashMap" name="getPetTest" time="1.202"/>
  <system-out/>
  <testcase classname="assignment1.petstore_withHashMap" name="updatePetTest" time="1.173"/>
  <system-out/>
  <testcase classname="assignment1.petstore_withHashMap" name="deletePetTest" time="1.172"/>
  <system-out/>
</testsuite> <!-- assignment1.petstore_withHashMap -->
