<?xml version="1.0" encoding="UTF-8"?>
<!-- Generated by org.testng.reporters.JUnitReportReporter -->
<testsuite hostname="RavikumarN" failures="0" tests="3" name="RequestBody.CRUD_Petstore" time="11.023" errors="0" timestamp="2026-03-15T22:21:58 IST" skipped="0">
  <testcase classname="RequestBody.CRUD_Petstore" name="createPetPOJO" time="7.772"/>
  <system-out/>
  <testcase classname="RequestBody.CRUD_Petstore" name="updatePetPOJO" time="1.747"/>
  <system-out/>
  <testcase classname="RequestBody.CRUD_Petstore" name="deletePetPOJO" time="1.504"/>
  <system-out/>
</testsuite> <!-- RequestBody.CRUD_Petstore -->
