<?xml version="1.0" encoding="UTF-8"?>
<!-- Generated by org.testng.reporters.JUnitReportReporter -->
<testsuite hostname="RavikumarN" failures="0" tests="2" name="annotations.AnnotationEx$ClassTwo" time="0.005" errors="0" timestamp="2026-03-17T09:44:15 IST" skipped="0">
  <testcase classname="annotations.AnnotationEx$ClassTwo" name="method3" time="0.003"/>
  <system-out/>
  <testcase classname="annotations.AnnotationEx$ClassTwo" name="method4" time="0.002"/>
  <system-out/>
</testsuite> <!-- annotations.AnnotationEx$ClassTwo -->
