<?xml version="1.0" encoding="UTF-8"?>
<!-- Generated by org.testng.reporters.JUnitReportReporter -->
<testsuite hostname="RavikumarN" failures="0" tests="4" name="github.Github_API_Testing" time="6.531" errors="0" timestamp="2026-03-13T15:28:42 IST" skipped="0">
  <testcase classname="github.Github_API_Testing" name="createRepoTest" time="4.796"/>
  <system-out/>
  <testcase classname="github.Github_API_Testing" name="getRepoTest" time="0.527"/>
  <system-out/>
  <testcase classname="github.Github_API_Testing" name="patchRepoTest" time="0.584"/>
  <system-out/>
  <testcase classname="github.Github_API_Testing" name="deleteRepoTest" time="0.624"/>
  <system-out/>
</testsuite> <!-- github.Github_API_Testing -->
