<?xml version="1.0" encoding="UTF-8"?>
<!-- Generated by org.testng.reporters.JUnitReportReporter -->
<testsuite hostname="RavikumarN" failures="0" tests="2" name="annotations.AnnotationEx" time="0.015" errors="0" timestamp="2026-03-17T09:43:58 IST" skipped="0">
  <testcase classname="annotations.AnnotationEx" name="testMethod1" time="0.009"/>
  <system-out/>
  <testcase classname="annotations.AnnotationEx" name="testMethod2" time="0.006"/>
  <system-out/>
</testsuite> <!-- annotations.AnnotationEx -->
