<?xml version="1.0" encoding="UTF-8"?>
<!-- Generated by org.testng.reporters.JUnitReportReporter -->
<testsuite hostname="RavikumarN" failures="0" tests="4" name="CRUD_ForNinza.NinzaSoftAssert" time="3.561" errors="0" timestamp="2026-03-17T13:00:46 IST" skipped="0">
  <testcase classname="CRUD_ForNinza.NinzaSoftAssert" name="createProject" time="3.387"/>
  <system-out/>
  <testcase classname="CRUD_ForNinza.NinzaSoftAssert" name="getProjectDetails" time="0.072"/>
  <system-out/>
  <testcase classname="CRUD_ForNinza.NinzaSoftAssert" name="putProjectDetails" time="0.059"/>
  <system-out/>
  <testcase classname="CRUD_ForNinza.NinzaSoftAssert" name="deleteProjectDetails" time="0.043"/>
  <system-out/>
</testsuite> <!-- CRUD_ForNinza.NinzaSoftAssert -->
