<?xml version="1.0" encoding="UTF-8"?>
<!-- Generated by org.testng.reporters.JUnitReportReporter -->
<testsuite hostname="RavikumarN" failures="0" tests="4" name="assignment1.CRUD_Petstore" time="8.975" errors="0" timestamp="2026-03-16T08:25:25 IST" skipped="0">
  <testcase classname="assignment1.CRUD_Petstore" name="createPet" time="4.181"/>
  <system-out/>
  <testcase classname="assignment1.CRUD_Petstore" name="getPet" time="1.264"/>
  <system-out/>
  <testcase classname="assignment1.CRUD_Petstore" name="updatePet" time="1.232"/>
  <system-out/>
  <testcase classname="assignment1.CRUD_Petstore" name="deletePet" time="2.298"/>
  <system-out/>
</testsuite> <!-- assignment1.CRUD_Petstore -->
