<?xml version="1.0" encoding="UTF-8"?>
<!-- Generated by org.testng.reporters.JUnitReportReporter -->
<testsuite hostname="RavikumarN" failures="0" tests="4" name="CRUD_ForNinza.NinzaHardAssert" time="3.617" errors="0" timestamp="2026-03-17T14:36:26 IST" skipped="0">
  <testcase classname="CRUD_ForNinza.NinzaHardAssert" name="createProject" time="3.354"/>
  <system-out/>
  <testcase classname="CRUD_ForNinza.NinzaHardAssert" name="getProjectDetails" time="0.101"/>
  <system-out/>
  <testcase classname="CRUD_ForNinza.NinzaHardAssert" name="putProjectDetails" time="0.110"/>
  <system-out/>
  <testcase classname="CRUD_ForNinza.NinzaHardAssert" name="deleteProjectDetails" time="0.052"/>
  <system-out/>
</testsuite> <!-- CRUD_ForNinza.NinzaHardAssert -->
