<?xml version="1.0" encoding="UTF-8"?>
<!-- Generated by org.testng.reporters.JUnitReportReporter -->
<testsuite hostname="RavikumarN" failures="0" tests="5" name="dataProviderEx.Dp_Ex" time="0.028" errors="0" timestamp="2026-03-18T09:13:58 IST" skipped="0">
  <testcase classname="dataProviderEx.Dp_Ex" name="BookingTest" time="0.003"/>
  <system-out/>
  <testcase classname="dataProviderEx.Dp_Ex" name="BookingTest" time="0.003"/>
  <system-out/>
  <testcase classname="dataProviderEx.Dp_Ex" name="BookingTest" time="0.002"/>
  <system-out/>
  <testcase classname="dataProviderEx.Dp_Ex" name="BookingTest" time="0.016"/>
  <system-out/>
  <testcase classname="dataProviderEx.Dp_Ex" name="BookingTest" time="0.004"/>
  <system-out/>
</testsuite> <!-- dataProviderEx.Dp_Ex -->
